{
  "stats": {
    "suites": 1,
    "tests": 1,
    "passes": 1,
    "pending": 0,
    "failures": 0,
    "start": "2024-03-22T20:08:37.317Z",
    "end": "2024-03-22T20:09:17.953Z",
    "duration": 40636,
    "testsRegistered": 1,
    "passPercent": 100,
    "pendingPercent": 0,
    "other": 0,
    "hasOther": false,
    "skipped": 0,
    "hasSkipped": false
  },
  "results": [
    {
      "uuid": "58819046-69a2-47b8-91ee-7d8c77f3e9a8",
      "title": "",
      "fullFile": "cypress\\e2e\\spec.cy.js",
      "file": "cypress\\e2e\\spec.cy.js",
      "beforeHooks": [],
      "afterHooks": [],
      "tests": [],
      "suites": [
        {
          "uuid": "160ecd20-20b6-406d-b377-c3bf85088644",
          "title": "End-to-End Automation Challenge",
          "fullFile": "",
          "file": "",
          "beforeHooks": [],
          "afterHooks": [],
          "tests": [
            {
              "title": "should create a user account, log in, and delete the account",
              "fullTitle": "End-to-End Automation Challenge should create a user account, log in, and delete the account",
              "timedOut": null,
              "duration": 37102,
              "state": "passed",
              "speed": "slow",
              "pass": true,
              "fail": false,
              "pending": false,
              "context": null,
              "code": "cy.visit('http://automationexercise.com');\n_homePage.default.verifyHomePage();\n_homePage.default.clickSignUpLoginButton();\n_signUpLoginPage.default.isNewUserSignUpMessageVisible();\n_signUpLoginPage.default.fillSignUpForm('Adriana Chipana', 'adrijonas16@example.com');\n_signUpLoginPage.default.clickSignUpButton();\n_signUpLoginPage.default.isEnterAccountVisible();\n_accountInfoPage.default.fillAccountInfoForm('Ironjonas16', '17', '4', '1998', 'Adriana', 'Chipana', 'BSG', 'nicolas de pierola', 'block b7 departamento 18', 'Australia', 'Arequipa', 'Arequipa', '+51', '992519720');\n_accountInfoPage.default.clickCreateAccountButton();\n_accountInfoPage.default.isAccountCreatedVisible();\n_accountInfoPage.default.clickContinueButton();\n_dashboardPage.default.verifyLoggedIn('Adriana Chipana');\n_dashboardPage.default.clickLogoutButton();\n_dashboardPage.default.verifyLoginToYourAccount();\n_signUpLoginPage.default.login('adrijonas16@example.com', 'Ironjonas16');\n_signUpLoginPage.default.clickLoginButton();\n_dashboardPage.default.verifyLoggedIn('Adriana Chipana');\n_dashboardPage.default.clickDeleteAccountButton();\n_deleteAccountPage.default.isAccountDeletedVisible();\n_accountInfoPage.default.clickContinueButton();",
              "err": {},
              "uuid": "cb1e39e7-bfb8-4604-9228-dd4a7fa60955",
              "parentUUID": "160ecd20-20b6-406d-b377-c3bf85088644",
              "isHook": false,
              "skipped": false
            }
          ],
          "suites": [],
          "passes": [
            "cb1e39e7-bfb8-4604-9228-dd4a7fa60955"
          ],
          "failures": [],
          "pending": [],
          "skipped": [],
          "duration": 37102,
          "root": false,
          "rootEmpty": false,
          "_timeout": 2000
        }
      ],
      "passes": [],
      "failures": [],
      "pending": [],
      "skipped": [],
      "duration": 0,
      "root": true,
      "rootEmpty": true,
      "_timeout": 2000
    }
  ],
  "meta": {
    "mocha": {
      "version": "7.0.1"
    },
    "mochawesome": {
      "options": {
        "quiet": false,
        "reportFilename": "mochawesome",
        "saveHtml": true,
        "saveJson": true,
        "consoleReporter": "spec",
        "useInlineDiffs": false,
        "code": true
      },
      "version": "7.1.3"
    },
    "marge": {
      "options": null,
      "version": "6.2.0"
    }
  }
}